C51 COMPILER V9.52.0.0   LCD1602DISPLAY                                                    08/15/2015 03:55:14 PAGE 1   


C51 COMPILER V9.52.0.0, COMPILATION OF MODULE LCD1602DISPLAY
OBJECT MODULE PLACED IN ..\Obj\LCD1602display.obj
COMPILER INVOKED BY: D:\Keil\C51\BIN\C51.EXE ..\Usr\LCD1602display.c OMF2 BROWSE DEBUG PRINT(..\Lst\LCD1602display.lst) 
                    -TABS(2) OBJECT(..\Obj\LCD1602display.obj)

line level    source

   1          #include "LCD1602display.h"
   2          //********************??
   3          void delay(uchar z)
   4          {
   5   1       uchar i,j;
   6   1       for(i=z;i>0;i--)
   7   1        for(j=110;j>0;j--);
   8   1      }
   9          
  10          
  11          //**********************LCM???
  12          void InitLCM()
  13          {
  14   1       WriteCommandLCM(0x38,0);  //????????,??????
  15   1       delay(1);
  16   1       WriteCommandLCM(0x38,0);
  17   1       delay(1);
  18   1       WriteCommandLCM(0x38,0);
  19   1       delay(1);
  20   1       WriteCommandLCM(0x38,1);  //??????:16×2??,5×7??,8?????
  21   1       WriteCommandLCM(0x0c,1);  //??????:???,???
  22   1       WriteCommandLCM(0x06,1);  //??????:????,????
  23   1       WriteCommandLCM(0x01,1);  //?????,??????????
  24   1      }
  25          //*********************???
  26          uchar ReadStatusLCM()
  27          {
  28   1       P0 = 0x80;
  29   1       LCM_RS = 0;
  30   1       LCM_RW = 1;
  31   1       LCM_E = 1;
  32   1       while(P0 & 0x80); //?????
  33   1       return(0);
  34   1      }
  35          //***********************???
  36          /*uchar ResdDataLCM()
  37          {
  38           LCM_RS=1;
  39           LCM_RW=1;
  40           LCM_E=1;
  41           return(0);
  42          } */
  43          //**********************???
  44          void WriteCommandLCM(uchar WCLCM, Busy)
  45          {
  46   1       if(Busy) ReadStatusLCM();
  47   1       P0 = WCLCM;
  48   1       LCM_RS=0;
  49   1       LCM_RW=0;
  50   1       LCM_E=0;
  51   1       LCM_E=1;
  52   1      }
  53          //***********************???
  54          void WriteDataLCM(uchar WDLCM)
C51 COMPILER V9.52.0.0   LCD1602DISPLAY                                                    08/15/2015 03:55:14 PAGE 2   

  55          {
  56   1       ReadStatusLCM();
  57   1       P0=WDLCM;
  58   1       LCM_RS=1;
  59   1       LCM_RW=0;
  60   1       LCM_E=0;
  61   1       LCM_E=1;
  62   1      }
  63          //*************************????
  64          void DisplayOneChar(uchar X,uchar Y,uchar DData)
  65          {
  66   1       if(Y) X|=0X40;   //Y=1?????,Y=0?????
  67   1       X|=0X80;
  68   1       WriteCommandLCM(X,1); //X???????,1??????
  69   1       WriteDataLCM(DData); //DData?????
  70   1      }
  71          //**************************?????
  72          void DisplayListChar(uchar X,uchar Y,uchar code *DData)
  73          {
  74   1       uchar ListLength;
  75   1       ListLength=0;
  76   1       while(DData[ListLength]!='\0')
  77   1       {
  78   2        if(X<=15)
  79   2        {
  80   3         DisplayOneChar( X,Y,DData[ListLength]);
  81   3         ListLength++;
  82   3         X++;
  83   3        }
  84   2       }
  85   1      }


MODULE INFORMATION:   STATIC OVERLAYABLE
   CODE SIZE        =    195    ----
   CONSTANT SIZE    =   ----    ----
   XDATA SIZE       =   ----    ----
   PDATA SIZE       =   ----    ----
   DATA SIZE        =   ----       3
   IDATA SIZE       =   ----    ----
   BIT SIZE         =   ----    ----
   EDATA SIZE       =   ----    ----
   HDATA SIZE       =   ----    ----
   XDATA CONST SIZE =   ----    ----
   FAR CONST SIZE   =   ----    ----
END OF MODULE INFORMATION.


C51 COMPILATION COMPLETE.  0 WARNING(S),  0 ERROR(S)
