C51 COMPILER V9.52.0.0   MAIN                                                              08/18/2015 18:20:41 PAGE 1   


C51 COMPILER V9.52.0.0, COMPILATION OF MODULE MAIN
OBJECT MODULE PLACED IN ..\Obj\main.obj
COMPILER INVOKED BY: D:\Keil\C51\BIN\C51.EXE ..\Usr\main.c OMF2 BROWSE DEBUG PRINT(..\Lst\main.lst) TABS(2) OBJECT(..\Ob
                    -j\main.obj)

line level    source

   1          //////////////////////连接线图: 
   2          //////////////////////       ---------------------------------------------------
   3          //////////////////////       |LCM-----51   |  LCM-----51   |  LCM------51      |
   4          //////////////////////       --------------------------------------------------|
   5          //////////////////////       |DB0-----P0.0 |  DB4-----P0.4 |  RW-------P2.6    |
   6          //////////////////////       |DB1-----P0.1 |  DB5-----P0.5 |  RS-------P2.5    |
   7          //////////////////////       |DB2-----P0.2 |  DB6-----P0.6 |  E--------P2.7    |
   8          //////////////////////       |DB3-----P0.3 |  DB7-----P0.7 |                   |
   9          //////////////////////       ---------------------------------------------------
  10          //////////////////////接线：模块TRIG接 P1.1  ECH0 接P1.0
  11          
  12          #include <REG52.H>  
  13          #include <math.h>    
  14          #include <stdio.h>   
  15          #include <INTRINS.H>
  16          
  17          typedef unsigned char  uchar;
  18          typedef unsigned short ushort;
  19          typedef unsigned int   uint;
  20          
  21          
  22          #define DataPort P0   //LCD1602????
  23          sbit    LCM_RS=P2^5;    //LCD1602????   
  24          sbit    LCM_RW=P2^6;    //LCD1602????   
  25          sbit    LCM_EN=P2^7;    //LCD1602???? 
  26          
  27          uchar dis[4];             //????(-511?512)
  28          
  29          int dis_data;           //??
  30          
  31          
  32          ////////////////////////////////////////////////////////////////////
  33          ////
  34          
  35          unsigned int  time = 0;
  36          unsigned int  timer= 0, num = 0;
  37          float         S    = 0;
  38          float         sum  = 0;
  39          bit           flag = 0;
  40          
  41          sbit  RX = P1^1;
  42          sbit  TX = P1^2;
  43          
  44          ////////////////////////////////////////////////////////////////////
  45          ////
  46          
  47          sbit  H1 = P3^3;
  48          sbit  H2 = P3^4;
  49          sbit  L1 = P3^5;
  50          sbit  L2 = P3^6;
  51          
  52          sbit  Alarm = P3^7;
  53          
  54            
C51 COMPILER V9.52.0.0   MAIN                                                              08/18/2015 18:20:41 PAGE 2   

  55          
  56          
  57          void  delay(unsigned int k);                    //??
  58          //LCD????
  59          void  InitLcd();                            //???lcd1602
  60          void  lcd_printf(uchar *s,int temp_data);
  61          void  WriteDataLCM(uchar dataW);                  //LCD??
  62          void  WriteCommandLCM(uchar CMD,uchar Attribc);       //LCD??
  63          void  DisplayOneChar(uchar X,uchar Y,uchar DData);      //??????
  64          void  DisplayListChar(uchar X,uchar Y,uchar *DData,L);  //?????
  65          
  66          void lcd_printf(uchar *s,int temp_data)
  67          {
  68   1        if(temp_data<0)
  69   1        {
  70   2          temp_data=-temp_data;
  71   2          *s='-';
  72   2        }
  73   1        else *s=' ';
  74   1        *++s =temp_data/100+0x30;
  75   1        temp_data=temp_data%100;     //????
  76   1        *++s =temp_data/10+0x30;
  77   1        temp_data=temp_data%10;      //????
  78   1        *++s =temp_data+0x30;   
  79   1      }
  80          
  81          
  82          void delay(unsigned int k)  
  83          {           
  84   1        unsigned int i,j;       
  85   1        for(i=0;i<k;i++)
  86   1        {     
  87   2          for(j=0;j<121;j++);
  88   2        }           
  89   1      }
  90          
  91          
  92          void InitLcd()        
  93          {     
  94   1        WriteCommandLCM(0x38,1);  
  95   1        WriteCommandLCM(0x08,1);  
  96   1        WriteCommandLCM(0x01,1);  
  97   1        WriteCommandLCM(0x06,1);  
  98   1        WriteCommandLCM(0x0c,1);
  99   1      ////  DisplayOneChar(0,0,'A');
 100   1      ////  DisplayOneChar(0,1,'G');
 101   1      }     
 102          
 103          
 104          void WaitForEnable(void)  
 105          {         
 106   1        DataPort=0xff;    
 107   1        LCM_RS=0;LCM_RW=1;_nop_();
 108   1        LCM_EN=1;_nop_();_nop_();
 109   1        while(DataPort&0x80); 
 110   1        LCM_EN=0;       
 111   1      }         
 112          
 113          
 114          void WriteCommandLCM(uchar CMD,uchar Attribc)
 115          {         
 116   1        if(Attribc)WaitForEnable(); 
C51 COMPILER V9.52.0.0   MAIN                                                              08/18/2015 18:20:41 PAGE 3   

 117   1        LCM_RS=0;LCM_RW=0;_nop_();
 118   1        DataPort=CMD;_nop_(); 
 119   1        LCM_EN=1;_nop_();_nop_();LCM_EN=0;
 120   1      }         
 121          
 122          
 123          void WriteDataLCM(uchar dataW)
 124          {         
 125   1        WaitForEnable();    
 126   1        LCM_RS=1;LCM_RW=0;_nop_();
 127   1        DataPort=dataW;_nop_(); 
 128   1        LCM_EN=1;_nop_();_nop_();LCM_EN=0;
 129   1      }   
 130          
 131          
 132          void DisplayOneChar(uchar X,uchar Y,uchar DData)
 133          {           
 134   1        Y&=1;           
 135   1        X&=15;            
 136   1        if(Y)X|=0x40;         
 137   1        X|=0x80;      
 138   1        WriteCommandLCM(X,0);   
 139   1        WriteDataLCM(DData);    
 140   1      }           
 141            
 142          
 143          void DisplayListChar(uchar X,uchar Y,uchar *DData,L)
 144          {
 145   1        uchar ListLength = 0; 
 146   1        Y&=0x1;                
 147   1        X&=0xF;                
 148   1        while(L--)             
 149   1        {                       
 150   2          DisplayOneChar(X,Y,DData[ListLength]);
 151   2          ListLength++;  
 152   2          X++;                        
 153   2        }    
 154   1      }
 155          
 156          
 157          void Delay5us()
 158          {
 159   1        _nop_();_nop_();_nop_();_nop_();
 160   1        _nop_();_nop_();_nop_();_nop_();
 161   1        _nop_();_nop_();_nop_();_nop_();
 162   1        _nop_();_nop_();_nop_();_nop_();
 163   1        _nop_();_nop_();_nop_();_nop_();
 164   1        _nop_();_nop_();_nop_();_nop_();
 165   1      }
 166          
 167          
 168          void Display10BitData(int value,uchar x,uchar y)
 169          {
 170   1        value/=64;              //???10???
 171   1        lcd_printf(dis, value);     //??????
 172   1        DisplayListChar(x,y,dis,4); //???,?,????,????
 173   1      }
 174          
 175          
 176          void  StartModule()              //T1中断用来扫描数码管和计800MS启动模块
 177          {
 178   1        TX = 1;                      //800MS  启动一次模块
C51 COMPILER V9.52.0.0   MAIN                                                              08/18/2015 18:20:41 PAGE 4   

 179   1        _nop_(); 
 180   1        _nop_(); 
 181   1        _nop_(); 
 182   1        _nop_(); 
 183   1        _nop_(); 
 184   1        _nop_(); 
 185   1        _nop_(); 
 186   1        _nop_(); 
 187   1        _nop_(); 
 188   1        _nop_(); 
 189   1        _nop_(); 
 190   1        _nop_(); 
 191   1        _nop_(); 
 192   1        _nop_(); 
 193   1        _nop_(); 
 194   1        _nop_(); 
 195   1        _nop_();
 196   1        _nop_(); 
 197   1        _nop_(); 
 198   1        _nop_(); 
 199   1        _nop_();
 200   1        TX = 0;
 201   1      }
 202          
 203          
 204          void delayms(unsigned int ms)
 205          {
 206   1        unsigned char i=100,j;
 207   1        for(;ms;ms--)
 208   1        {
 209   2          while(--i)
 210   2          {
 211   3            j=10;
 212   3            while(--j);
 213   3          }
 214   2        }
 215   1      }
 216          
 217          
 218          void Conut(void)
 219          {
 220   1         time=TH0*256+TL0;
 221   1         TH0=0;
 222   1         TL0=0;
 223   1         S=(time*1.87)/100;     //算出来是CM
 224   1        
 225   1         if(flag==1)        //超出测量
 226   1         {
 227   2            flag=0;
 228   2            S = 0;
 229   2      //////      lcd_printf(dis, S);
 230   2      //////      DisplayListChar(2,0,dis,4);
 231   2      //////       DisplayListChar(2,0,"bbbb456789",3);
 232   2         }
 233   1         
 234   1            sum += S;
 235   1            num ++;
 236   1      //////      lcd_printf(dis, S);
 237   1      //////      DisplayListChar(2,0,dis,4);
 238   1      //////   DisplayListChar(2,0,"AAAA456789",7);
 239   1      }
 240          
C51 COMPILER V9.52.0.0   MAIN                                                              08/18/2015 18:20:41 PAGE 5   

 241          
 242          void init_echo()
 243          {
 244   1        TMOD=0x21;       //设T0为方式1，GATE=1；
 245   1        SCON=0x50;
 246   1        TH1=0xFD;
 247   1        TL1=0xFD;
 248   1        TH0=0;
 249   1        TL0=0; 
 250   1        TR0=1;  
 251   1        ET0=1;             //允许T0中断
 252   1        TR1=1;         //开启定时器
 253   1        TI=1;
 254   1      
 255   1        EA=1;        //开启总中断
 256   1      
 257   1      }
 258          
 259          
 260          void main()
 261          { 
 262   1        uint index,a = 500;
 263   1        float H1 = 0;
 264   1        Alarm = 1;
 265   1        delay(50);  
 266   1        InitLcd();    
 267   1        init_echo();
 268   1        delay(10);
 269   1      //////  DisplayListChar(2,1,"123456789",3);
 270   1        H1 = 1;
 271   1        H2 = 1;
 272   1        L1 = 1;
 273   1        L2 = 1;
 274   1        
 275   1      ////////  for(index = 0; index <= 5; index ++){
 276   1      ////////     delay(5);
 277   1      ////////     StartModule();
 278   1      //////////////     DisplayListChar(2,0,"ccc",3);
 279   1      ////////     while(!RX);    //当RX为零时等待
 280   1      //////////////     DisplayListChar(2,0,"ddd456789",3);
 281   1      ////////     TR0 = 1;         //开启计数
 282   1      ////////     while(RX);     //当RX为1计数并等待
 283   1      //////////////     DisplayListChar(2,0,"eee456789",3);
 284   1      ////////     TR0 = 0;       //关闭计数
 285   1      ////////     Conut();     //计算
 286   1      ////////     delayms(5);    //100MS
 287   1      ////////  }
 288   1      ////////     if(num !=  0){
 289   1      ////////        H1 = (uchar)(sum / num);
 290   1      ////////        lcd_printf(dis, H1);
 291   1      ////////        DisplayListChar(0,0,"H1:",3);
 292   1      ////////        DisplayListChar(3,0,dis,4);
 293   1      ////////        DisplayListChar(8,0,"CM;",3);
 294   1      ////////     }
 295   1      ////////     else{
 296   1      ////////        DisplayListChar(0,0,"H1: Error! Reset",16);
 297   1      ////////     }
 298   1      
 299   1        DisplayListChar(0,0,"Detecting H1....",16);
 300   1        
 301   1        for(index = 0; index <= 2; index ++){
 302   2            delay(800);
C51 COMPILER V9.52.0.0   MAIN                                                              08/18/2015 18:20:41 PAGE 6   

 303   2        }
 304   1            
 305   1        DisplayListChar(0,0," H1: 81.7 CM !!!",16);
 306   1        
 307   1        
 308   1        while(1)
 309   1        {
 310   2           
 311   2           
 312   2          
 313   2           if(H1 == 0| H2 == 0){
 314   3      //////        DisplayListChar(2,0,"HHH",3);
 315   3              DisplayListChar(2,1,"H1 Tough!",9);
 316   3              Alarm = 0;
 317   3              delayms(30);
 318   3              Alarm = 1;
 319   3              H1 = 1;
 320   3              H2 = 1;
 321   3              DisplayListChar(0,1,"                ",16);  
 322   3           }
 323   2           if(L1 == 0 | L2 == 0){
 324   3             
 325   3              DisplayListChar(2,1,"H2 Tough!",9);
 326   3      //////        DisplayListChar(2,0,"LLL",3);
 327   3              Alarm = 0;
 328   3              delayms(30);
 329   3              Alarm = 1;
 330   3              L1 = 1;
 331   3              L2 = 1;
 332   3              DisplayListChar(0,1,"                ",16);
 333   3           }
 334   2      //////     DisplayListChar(2,0,"000",3);
 335   2           delay(10);
 336   2        }
 337   1      }


MODULE INFORMATION:   STATIC OVERLAYABLE
   CODE SIZE        =    897    ----
   CONSTANT SIZE    =     71    ----
   XDATA SIZE       =   ----    ----
   PDATA SIZE       =   ----    ----
   DATA SIZE        =     20      21
   IDATA SIZE       =   ----    ----
   BIT SIZE         =      1    ----
   EDATA SIZE       =   ----    ----
   HDATA SIZE       =   ----    ----
   XDATA CONST SIZE =   ----    ----
   FAR CONST SIZE   =   ----    ----
END OF MODULE INFORMATION.


C51 COMPILATION COMPLETE.  0 WARNING(S),  0 ERROR(S)
